<?xml version='1.0' encoding='UTF-8' ?>
<testsuite tests="0" failures="0" errors="0" skipped="0" time="1.72990755827E9" timestamp="2024-10-26T01:52:38" hostname="localhost">
  <properties>
    <property name="device" value="Small_Phone_API_35(AVD) - 15" />
    <property name="flavor" value="" />
    <property name="project" value=":app" />
  </properties>
</testsuite>